[6288:12900:0413/122202:VERBOSE1:crash_service_main.cc(68)] Session start. cmdline is [--reporter-url=http://54.249.141.255:1127/post --application-name=Atom --v=1]
[6288:12900:0413/122202:VERBOSE1:crash_service.cc(142)] window handle is 0005094E
[6288:12900:0413/122202:VERBOSE1:crash_service.cc(290)] pipe name is \\.\pipe\Atom Crash Service
dumps at C:\cygwin64\tmp\Atom Crashes
[6288:12900:0413/122202:VERBOSE1:crash_service.cc(294)] checkpoint is C:\cygwin64\tmp\Atom Crashes\crash_checkpoint.txt
server is http://54.249.141.255:1127/post
maximum 128 reports/day
reporter is electron-crash-service
[6288:12900:0413/122202:VERBOSE1:crash_service_main.cc(84)] Ready to process crash requests
[6288:12768:0413/122202:VERBOSE1:crash_service.cc(323)] client start. pid = 3704
[6288:12392:0413/122202:VERBOSE1:crash_service.cc(331)] client end. pid = 3704
[6288:12768:0413/122202:VERBOSE1:crash_service.cc(323)] client start. pid = 8836
[6288:12768:0413/123015:VERBOSE1:crash_service.cc(323)] client start. pid = 10004
[6288:11972:0413/123015:VERBOSE1:crash_service.cc(331)] client end. pid = 10004
[6288:12768:0413/123016:VERBOSE1:crash_service.cc(323)] client start. pid = 6228
[6288:11972:0413/123731:VERBOSE1:crash_service.cc(331)] client end. pid = 8836
[6288:11972:0413/123732:VERBOSE1:crash_service.cc(331)] client end. pid = 6228
[6288:11972:0413/123733:VERBOSE1:crash_service.cc(352)] zero clients. exiting
[6288:12900:0413/123733:VERBOSE1:crash_service.cc(490)] session ending..
[6288:12900:0413/123733:VERBOSE1:crash_service.cc(495)] clients connected :4
clients terminated :4
dumps serviced :0
dumps reported :0
[6288:12900:0413/123733:VERBOSE1:crash_service_main.cc(89)] Session end. return code is 0
